Build started 2/17/2015 12:30:25 AM.
     1>Project "C:\GamePhysics\Solar System\SolarSystemMain\SolarSystemMain.vcxproj" on node 3 (Build target(s)).
     1>InitializeBuildStatus:
         Touching "Release\SolarSystemMain.unsuccessfulbuild".
       ClCompile:
         All outputs are up-to-date.
       Link:
         C:\Program Files (x86)\Microsoft Visual Studio 11.0\VC\bin\link.exe /ERRORREPORT:PROMPT /OUT:"C:\GamePhysics\Solar System\SolarSystem\Release\SolarSystemMain.exe" /INCREMENTAL:NO /NOLOGO /LIBPATH:"..\SolarSystem\lib-msvc120" /LIBPATH:..\SolarSystem\Release glfw3.lib glut32.lib SolarSystem.lib kernel32.lib user32.lib gdi32.lib winspool.lib comdlg32.lib advapi32.lib shell32.lib ole32.lib oleaut32.lib uuid.lib odbc32.lib odbccp32.lib kernel32.lib user32.lib gdi32.lib winspool.lib comdlg32.lib advapi32.lib shell32.lib ole32.lib oleaut32.lib uuid.lib odbc32.lib odbccp32.lib /MANIFEST /MANIFESTUAC:"level='asInvoker' uiAccess='false'" /manifest:embed /DEBUG /PDB:"C:\GamePhysics\Solar System\SolarSystem\Release\SolarSystemMain.pdb" /SUBSYSTEM:CONSOLE /OPT:REF /OPT:ICF /LTCG /TLBID:1 /DYNAMICBASE /NXCOMPAT /IMPLIB:"C:\GamePhysics\Solar System\SolarSystem\Release\SolarSystemMain.lib" /MACHINE:X86 /SAFESEH Release\SolarSystemMain.obj
         Release\stdafx.obj
         "C:\GamePhysics\Solar System\SolarSystem\Release\SolarSystem.lib"
     1>LINK : warning LNK4067: ambiguous entry point; selected 'mainCRTStartup'
         Generating code
         Finished generating code
         SolarSystemMain.vcxproj -> C:\GamePhysics\Solar System\SolarSystem\Release\SolarSystemMain.exe
       FinalizeBuildStatus:
         Deleting file "Release\SolarSystemMain.unsuccessfulbuild".
         Touching "Release\SolarSystemMain.lastbuildstate".
     1>Done Building Project "C:\GamePhysics\Solar System\SolarSystemMain\SolarSystemMain.vcxproj" (Build target(s)).

Build succeeded.

Time Elapsed 00:00:01.77
