Build started 3/30/2015 2:14:03 PM.
     1>Project "C:\GamePhysics\BlobGame\BlobGame\Assignment 0.vcxproj" on node 2 (Build target(s)).
     1>InitializeBuildStatus:
         Touching "Debug\BlobGame.unsuccessfulbuild".
       ClCompile:
         C:\Program Files (x86)\Microsoft Visual Studio 11.0\VC\bin\CL.exe /c /Iinclude /ZI /nologo /W3 /WX- /Od /Oy- /D _MBCS /Gm /EHsc /RTC1 /MDd /GS /fp:precise /Zc:wchar_t /Zc:forScope /Fo"Debug\\" /Fd"Debug\vc110.pdb" /Gd /TP /analyze- /errorReport:prompt BlobGameSystem.cpp SolarSystemSim.cpp main.cpp
         SolarSystemSim.cpp
     1>c:\gamephysics\blobgame\blobgame\solarsystemsim.cpp(212): warning C4996: 'sprintf': This function or variable may be unsafe. Consider using sprintf_s instead. To disable deprecation, use _CRT_SECURE_NO_WARNINGS. See online help for details.
                 c:\program files (x86)\microsoft visual studio 11.0\vc\include\stdio.h(357) : see declaration of 'sprintf'
         BlobGameSystem.cpp
     1>c:\gamephysics\blobgame\blobgame\blobgamesystem.cpp(490): warning C4996: 'sprintf': This function or variable may be unsafe. Consider using sprintf_s instead. To disable deprecation, use _CRT_SECURE_NO_WARNINGS. See online help for details.
                 c:\program files (x86)\microsoft visual studio 11.0\vc\include\stdio.h(357) : see declaration of 'sprintf'
         Generating Code...
         Skipping... (no relevant changes detected)
         main.cpp
       Lib:
         C:\Program Files (x86)\Microsoft Visual Studio 11.0\VC\bin\Lib.exe /OUT:"C:\GamePhysics\BlobGame\BlobGame\Debug\BlobGame.lib" glut32.lib glfw3dll.lib opengl32.lib glu32.lib /LIBPATH:"lib-msvc120" /NOLOGO Debug\AnchoredSpringGenerator.obj
         Debug\BlobGameSystem.obj
         Debug\BungeeForceGenerator.obj
         Debug\Camera.obj
         Debug\Color.obj
         Debug\Cube.obj
         Debug\EarthGravityGenerator.obj
         Debug\GroundContactGenerator.obj
         Debug\main.obj
         Debug\Particle.obj
         Debug\ParticleContact.obj
         Debug\ParticleContactResolver.obj
         Debug\ParticleForceRegistry.obj
         Debug\ParticleLink.obj
         Debug\ParticleSystem.obj
         Debug\PlanetaryGravityGenerator.obj
         Debug\RectParticle.obj
         Debug\Shape.obj
         Debug\SolarSystemSim.obj
         Debug\SphereParticle.obj
         Debug\Vector3.obj
     1>glfw3dll.lib(glfw3.dll) : warning LNK4006: __NULL_IMPORT_DESCRIPTOR already defined in glut32.lib(glut32.dll); second definition ignored
     1>glfw3dll.lib(glfw3.dll) : warning LNK4221: This object file does not define any previously undefined public symbols, so it will not be used by any link operation that consumes this library
     1>opengl32.lib(OPENGL32.dll) : warning LNK4006: __NULL_IMPORT_DESCRIPTOR already defined in glut32.lib(glut32.dll); second definition ignored
     1>opengl32.lib(OPENGL32.dll) : warning LNK4221: This object file does not define any previously undefined public symbols, so it will not be used by any link operation that consumes this library
     1>glu32.lib(GLU32.dll) : warning LNK4006: __NULL_IMPORT_DESCRIPTOR already defined in glut32.lib(glut32.dll); second definition ignored
     1>glu32.lib(GLU32.dll) : warning LNK4221: This object file does not define any previously undefined public symbols, so it will not be used by any link operation that consumes this library
         Assignment 0.vcxproj -> C:\GamePhysics\BlobGame\BlobGame\Debug\BlobGame.lib
       FinalizeBuildStatus:
         Deleting file "Debug\BlobGame.unsuccessfulbuild".
         Touching "Debug\BlobGame.lastbuildstate".
     1>Done Building Project "C:\GamePhysics\BlobGame\BlobGame\Assignment 0.vcxproj" (Build target(s)).

Build succeeded.

Time Elapsed 00:00:07.11
