C:\GAMEPHYSICS\BLOBGAME\BLOBGAME\DEBUG\BLOBGAMESYSTEM.OBJ
C:\GAMEPHYSICS\BLOBGAME\BLOBGAME\DEBUG\CAMERA.OBJ
C:\GAMEPHYSICS\BLOBGAME\BLOBGAME\DEBUG\COLOR.OBJ
C:\GAMEPHYSICS\BLOBGAME\BLOBGAME\DEBUG\CUBE.OBJ
C:\GAMEPHYSICS\BLOBGAME\BLOBGAME\DEBUG\EARTHGRAVITYGENERATOR.OBJ
C:\GAMEPHYSICS\BLOBGAME\BLOBGAME\DEBUG\GROUNDCONTACTGENERATOR.OBJ
C:\GAMEPHYSICS\BLOBGAME\BLOBGAME\DEBUG\MAIN.OBJ
C:\GAMEPHYSICS\BLOBGAME\BLOBGAME\DEBUG\PARTICLE.OBJ
C:\GAMEPHYSICS\BLOBGAME\BLOBGAME\DEBUG\PARTICLECONTACT.OBJ
C:\GAMEPHYSICS\BLOBGAME\BLOBGAME\DEBUG\PARTICLECONTACTRESOLVER.OBJ
C:\GAMEPHYSICS\BLOBGAME\BLOBGAME\DEBUG\PARTICLEFORCEREGISTRY.OBJ
C:\GAMEPHYSICS\BLOBGAME\BLOBGAME\DEBUG\PARTICLELINK.OBJ
C:\GAMEPHYSICS\BLOBGAME\BLOBGAME\DEBUG\PARTICLESYSTEM.OBJ
C:\GAMEPHYSICS\BLOBGAME\BLOBGAME\DEBUG\PLANETARYGRAVITYGENERATOR.OBJ
C:\GAMEPHYSICS\BLOBGAME\BLOBGAME\DEBUG\RECTPARTICLE.OBJ
C:\GAMEPHYSICS\BLOBGAME\BLOBGAME\DEBUG\SHAPE.OBJ
C:\GAMEPHYSICS\BLOBGAME\BLOBGAME\DEBUG\SOLARSYSTEMSIM.OBJ
C:\GAMEPHYSICS\BLOBGAME\BLOBGAME\DEBUG\SPHEREPARTICLE.OBJ
C:\GAMEPHYSICS\BLOBGAME\BLOBGAME\DEBUG\VECTOR3.OBJ
C:\GAMEPHYSICS\BLOBGAME\BLOBGAME\DEBUG\VC110.PDB
C:\GAMEPHYSICS\BLOBGAME\BLOBGAME\DEBUG\BLOBGAME.LIB
C:\GamePhysics\BlobGame\BlobGame\Debug\BlobGameSystem.obj
C:\GamePhysics\BlobGame\BlobGame\Debug\Camera.obj
C:\GamePhysics\BlobGame\BlobGame\Debug\Color.obj
C:\GamePhysics\BlobGame\BlobGame\Debug\Cube.obj
C:\GamePhysics\BlobGame\BlobGame\Debug\EarthGravityGenerator.obj
C:\GamePhysics\BlobGame\BlobGame\Debug\GroundContactGenerator.obj
C:\GamePhysics\BlobGame\BlobGame\Debug\main.obj
C:\GamePhysics\BlobGame\BlobGame\Debug\Particle.obj
C:\GamePhysics\BlobGame\BlobGame\Debug\ParticleContact.obj
C:\GamePhysics\BlobGame\BlobGame\Debug\ParticleContactResolver.obj
C:\GamePhysics\BlobGame\BlobGame\Debug\ParticleForceRegistry.obj
C:\GamePhysics\BlobGame\BlobGame\Debug\ParticleLink.obj
C:\GamePhysics\BlobGame\BlobGame\Debug\ParticleSystem.obj
C:\GamePhysics\BlobGame\BlobGame\Debug\PlanetaryGravityGenerator.obj
C:\GamePhysics\BlobGame\BlobGame\Debug\RectParticle.obj
C:\GamePhysics\BlobGame\BlobGame\Debug\Shape.obj
C:\GamePhysics\BlobGame\BlobGame\Debug\SolarSystemSim.obj
C:\GamePhysics\BlobGame\BlobGame\Debug\SphereParticle.obj
C:\GamePhysics\BlobGame\BlobGame\Debug\Vector3.obj
C:\GamePhysics\BlobGame\BlobGame\Debug\cl.command.1.tlog
C:\GamePhysics\BlobGame\BlobGame\Debug\CL.read.1.tlog
C:\GamePhysics\BlobGame\BlobGame\Debug\CL.write.1.tlog
C:\GamePhysics\BlobGame\BlobGame\Debug\Lib-link.read.1.tlog
C:\GamePhysics\BlobGame\BlobGame\Debug\Lib-link.write.1.tlog
C:\GamePhysics\BlobGame\BlobGame\Debug\lib.command.1.tlog
C:\GamePhysics\BlobGame\BlobGame\Debug\vc110.idb
C:\GamePhysics\BlobGame\BlobGame\Debug\vc110.pdb
C:\GamePhysics\BlobGame\BlobGame\Debug\BlobGame.lib
