C:\GAMEPHYSICS\SOLAR SYSTEM\SOLARSYSTEM\DEBUG\CAMERA.OBJ
C:\GAMEPHYSICS\SOLAR SYSTEM\SOLARSYSTEM\DEBUG\COLOR.OBJ
C:\GAMEPHYSICS\SOLAR SYSTEM\SOLARSYSTEM\DEBUG\CUBE.OBJ
C:\GAMEPHYSICS\SOLAR SYSTEM\SOLARSYSTEM\DEBUG\EARTHGRAVITYGENERATOR.OBJ
C:\GAMEPHYSICS\SOLAR SYSTEM\SOLARSYSTEM\DEBUG\MAIN.OBJ
C:\GAMEPHYSICS\SOLAR SYSTEM\SOLARSYSTEM\DEBUG\PARTICLE.OBJ
C:\GAMEPHYSICS\SOLAR SYSTEM\SOLARSYSTEM\DEBUG\PARTICLEFORCEREGISTRY.OBJ
C:\GAMEPHYSICS\SOLAR SYSTEM\SOLARSYSTEM\DEBUG\PARTICLESYSTEM.OBJ
C:\GAMEPHYSICS\SOLAR SYSTEM\SOLARSYSTEM\DEBUG\PLANETARYGRAVITYGENERATOR.OBJ
C:\GAMEPHYSICS\SOLAR SYSTEM\SOLARSYSTEM\DEBUG\SHAPE.OBJ
C:\GAMEPHYSICS\SOLAR SYSTEM\SOLARSYSTEM\DEBUG\SOLARSYSTEMSIM.OBJ
C:\GAMEPHYSICS\SOLAR SYSTEM\SOLARSYSTEM\DEBUG\SPHEREPARTICLE.OBJ
C:\GAMEPHYSICS\SOLAR SYSTEM\SOLARSYSTEM\DEBUG\VECTOR3.OBJ
C:\GAMEPHYSICS\SOLAR SYSTEM\SOLARSYSTEM\DEBUG\VC110.PDB
C:\GAMEPHYSICS\SOLAR SYSTEM\SOLARSYSTEM\DEBUG\SOLARSYSTEM.LIB
C:\GamePhysics\Solar System\SolarSystem\Debug\Camera.obj
C:\GamePhysics\Solar System\SolarSystem\Debug\Color.obj
C:\GamePhysics\Solar System\SolarSystem\Debug\Cube.obj
C:\GamePhysics\Solar System\SolarSystem\Debug\EarthGravityGenerator.obj
C:\GamePhysics\Solar System\SolarSystem\Debug\main.obj
C:\GamePhysics\Solar System\SolarSystem\Debug\Particle.obj
C:\GamePhysics\Solar System\SolarSystem\Debug\ParticleForceRegistry.obj
C:\GamePhysics\Solar System\SolarSystem\Debug\ParticleSystem.obj
C:\GamePhysics\Solar System\SolarSystem\Debug\PlanetaryGravityGenerator.obj
C:\GamePhysics\Solar System\SolarSystem\Debug\Shape.obj
C:\GamePhysics\Solar System\SolarSystem\Debug\SolarSystemSim.obj
C:\GamePhysics\Solar System\SolarSystem\Debug\SphereParticle.obj
C:\GamePhysics\Solar System\SolarSystem\Debug\Vector3.obj
C:\GamePhysics\Solar System\SolarSystem\Debug\SolarSystemMain.ilk
C:\GamePhysics\Solar System\SolarSystem\Debug\TestClass.ilk
C:\GamePhysics\Solar System\SolarSystem\Debug\cl.command.1.tlog
C:\GamePhysics\Solar System\SolarSystem\Debug\CL.read.1.tlog
C:\GamePhysics\Solar System\SolarSystem\Debug\CL.write.1.tlog
C:\GamePhysics\Solar System\SolarSystem\Debug\Lib-link.read.1.tlog
C:\GamePhysics\Solar System\SolarSystem\Debug\Lib-link.write.1.tlog
C:\GamePhysics\Solar System\SolarSystem\Debug\lib.command.1.tlog
C:\GamePhysics\Solar System\SolarSystem\Debug\TestClass.exp
C:\GamePhysics\Solar System\SolarSystem\Debug\vc110.idb
C:\GamePhysics\Solar System\SolarSystem\Debug\SolarSystemMain.pdb
C:\GamePhysics\Solar System\SolarSystem\Debug\TestClass.pdb
C:\GamePhysics\Solar System\SolarSystem\Debug\vc110.pdb
C:\GamePhysics\Solar System\SolarSystem\Debug\SolarSystem.lib
