C:\GAMEPHYSICS\BLOBGAME\BLOBGAMEMAIN\DEBUG\BLOBGAMEMAIN.OBJ
C:\GAMEPHYSICS\BLOBGAME\BLOBGAMEMAIN\DEBUG\STDAFX.OBJ
C:\GAMEPHYSICS\BLOBGAME\BLOBGAMEMAIN\DEBUG\VC110.PDB
C:\GAMEPHYSICS\BLOBGAME\BLOBGAME\DEBUG\BLOBGAMEMAIN.ILK
C:\GAMEPHYSICS\BLOBGAME\BLOBGAME\DEBUG\BLOBGAMEMAIN.EXE
C:\GAMEPHYSICS\BLOBGAME\BLOBGAME\DEBUG\BLOBGAMEMAIN.PDB
C:\GamePhysics\BlobGame\BlobGameMain\Debug\BlobGameMain.obj
C:\GamePhysics\BlobGame\BlobGameMain\Debug\stdafx.obj
C:\GamePhysics\BlobGame\BlobGameMain\Debug\cl.command.1.tlog
C:\GamePhysics\BlobGame\BlobGameMain\Debug\CL.read.1.tlog
C:\GamePhysics\BlobGame\BlobGameMain\Debug\CL.write.1.tlog
C:\GamePhysics\BlobGame\BlobGameMain\Debug\link-cvtres.read.1.tlog
C:\GamePhysics\BlobGame\BlobGameMain\Debug\link-cvtres.write.1.tlog
C:\GamePhysics\BlobGame\BlobGameMain\Debug\link-rc.read.1.tlog
C:\GamePhysics\BlobGame\BlobGameMain\Debug\link-rc.write.1.tlog
C:\GamePhysics\BlobGame\BlobGameMain\Debug\link.command.1.tlog
C:\GamePhysics\BlobGame\BlobGameMain\Debug\link.read.1.tlog
C:\GamePhysics\BlobGame\BlobGameMain\Debug\link.write.1.tlog
C:\GamePhysics\BlobGame\BlobGameMain\Debug\vc110.idb
C:\GamePhysics\BlobGame\BlobGameMain\Debug\vc110.pdb
C:\GamePhysics\BlobGame\BlobGame\Debug\BlobGameMain.pdb
C:\GamePhysics\BlobGame\BlobGame\Debug\BlobGameMain.exe
C:\GamePhysics\BlobGame\BlobGame\Debug\BlobGameMain.ilk
