Build started 4/20/2015 2:53:38 PM.
     1>Project "C:\GamePhysics\FinalProject\FinalProject\Assignment 0.vcxproj" on node 2 (Build target(s)).
     1>InitializeBuildStatus:
         Creating "Debug\FinalProject.unsuccessfulbuild" because "AlwaysCreate" was specified.
       ClCompile:
         C:\Program Files (x86)\Microsoft Visual Studio 11.0\VC\bin\CL.exe /c /Iinclude /ZI /nologo /W3 /WX- /Od /Oy- /D _MBCS /Gm /EHsc /RTC1 /MDd /GS /fp:precise /Zc:wchar_t /Zc:forScope /Fo"Debug\\" /Fd"Debug\vc110.pdb" /Gd /TP /analyze- /errorReport:prompt AnchoredSpringGenerator.cpp BlobGameSystem.cpp BungeeForceGenerator.cpp Camera.cpp Color.cpp Cube.cpp EarthGravityGenerator.cpp GroundContactGenerator.cpp main.cpp Particle.cpp ParticleContact.cpp ParticleContactResolver.cpp ParticleForceRegistry.cpp ParticleLink.cpp ParticleSystem.cpp PlanetaryGravityGenerator.cpp RectParticle.cpp Shape.cpp SolarSystemSim.cpp SphereParticle.cpp Vector3.cpp
         Vector3.cpp
         SphereParticle.cpp
     1>c:\gamephysics\finalproject\finalproject\sphereparticle.cpp(24): warning C4244: 'argument' : conversion from 'double' to 'GLfloat', possible loss of data
         SolarSystemSim.cpp
     1>c:\gamephysics\finalproject\finalproject\solarsystemsim.cpp(212): warning C4996: 'sprintf': This function or variable may be unsafe. Consider using sprintf_s instead. To disable deprecation, use _CRT_SECURE_NO_WARNINGS. See online help for details.
                 c:\program files (x86)\microsoft visual studio 11.0\vc\include\stdio.h(357) : see declaration of 'sprintf'
         Shape.cpp
     1>c:\gamephysics\finalproject\finalproject\shape.cpp(17): warning C4244: 'argument' : conversion from 'double' to 'float', possible loss of data
     1>c:\gamephysics\finalproject\finalproject\shape.cpp(42): warning C4244: 'argument' : conversion from 'double' to 'float', possible loss of data
     1>c:\gamephysics\finalproject\finalproject\shape.cpp(50): warning C4244: 'argument' : conversion from 'double' to 'GLfloat', possible loss of data
     1>c:\gamephysics\finalproject\finalproject\shape.cpp(56): warning C4244: 'argument' : conversion from 'double' to 'GLfloat', possible loss of data
     1>c:\gamephysics\finalproject\finalproject\shape.cpp(59): warning C4244: 'argument' : conversion from 'double' to 'GLfloat', possible loss of data
         RectParticle.cpp
         PlanetaryGravityGenerator.cpp
     1>c:\gamephysics\finalproject\finalproject\planetarygravitygenerator.cpp(16): warning C4244: 'argument' : conversion from 'double' to 'const float', possible loss of data
         ParticleSystem.cpp
         ParticleLink.cpp
         ParticleForceRegistry.cpp
         ParticleContactResolver.cpp
         ParticleContact.cpp
     1>c:\gamephysics\finalproject\finalproject\particlecontact.cpp(28): warning C4244: 'argument' : conversion from 'double' to 'GLfloat', possible loss of data
     1>c:\gamephysics\finalproject\finalproject\particlecontact.cpp(29): warning C4244: 'argument' : conversion from 'double' to 'GLfloat', possible loss of data
     1>c:\gamephysics\finalproject\finalproject\particlecontact.cpp(91): warning C4244: 'argument' : conversion from 'double' to 'const float', possible loss of data
     1>c:\gamephysics\finalproject\finalproject\particlecontact.cpp(93): warning C4244: 'argument' : conversion from 'double' to 'const float', possible loss of data
     1>c:\gamephysics\finalproject\finalproject\particlecontact.cpp(96): warning C4244: 'argument' : conversion from 'double' to 'const float', possible loss of data
     1>c:\gamephysics\finalproject\finalproject\particlecontact.cpp(118): warning C4244: 'argument' : conversion from 'double' to 'const float', possible loss of data
     1>c:\gamephysics\finalproject\finalproject\particlecontact.cpp(120): warning C4244: 'argument' : conversion from 'double' to 'const float', possible loss of data
     1>c:\gamephysics\finalproject\finalproject\particlecontact.cpp(123): warning C4244: 'argument' : conversion from 'double' to 'const float', possible loss of data
         Particle.cpp
         main.cpp
     1>c:\gamephysics\finalproject\finalproject\main.cpp(46): warning C4060: switch statement contains no 'case' or 'default' labels
     1>c:\gamephysics\finalproject\finalproject\main.cpp(104): warning C4244: 'initializing' : conversion from 'double' to 'float', possible loss of data
         GroundContactGenerator.cpp
     1>c:\gamephysics\finalproject\finalproject\groundcontactgenerator.cpp(8): warning C4244: 'initializing' : conversion from 'double' to 'float', possible loss of data
     1>c:\gamephysics\finalproject\finalproject\groundcontactgenerator.cpp(9): warning C4244: 'initializing' : conversion from 'double' to 'float', possible loss of data
         EarthGravityGenerator.cpp
     1>c:\gamephysics\finalproject\finalproject\earthgravitygenerator.cpp(10): warning C4244: 'argument' : conversion from 'double' to 'const float', possible loss of data
         Cube.cpp
     1>c:\gamephysics\finalproject\finalproject\cube.cpp(37): warning C4244: 'argument' : conversion from 'double' to 'GLfloat', possible loss of data
     1>c:\gamephysics\finalproject\finalproject\cube.cpp(38): warning C4244: 'argument' : conversion from 'double' to 'GLfloat', possible loss of data
     1>c:\gamephysics\finalproject\finalproject\cube.cpp(39): warning C4244: 'argument' : conversion from 'double' to 'GLfloat', possible loss of data
     1>c:\gamephysics\finalproject\finalproject\cube.cpp(40): warning C4244: 'argument' : conversion from 'double' to 'GLfloat', possible loss of data
     1>c:\gamephysics\finalproject\finalproject\cube.cpp(43): warning C4244: 'argument' : conversion from 'double' to 'GLfloat', possible loss of data
     1>c:\gamephysics\finalproject\finalproject\cube.cpp(44): warning C4244: 'argument' : conversion from 'double' to 'GLfloat', possible loss of data
     1>c:\gamephysics\finalproject\finalproject\cube.cpp(45): warning C4244: 'argument' : conversion from 'double' to 'GLfloat', possible loss of data
     1>c:\gamephysics\finalproject\finalproject\cube.cpp(46): warning C4244: 'argument' : conversion from 'double' to 'GLfloat', possible loss of data
     1>c:\gamephysics\finalproject\finalproject\cube.cpp(49): warning C4244: 'argument' : conversion from 'double' to 'GLfloat', possible loss of data
     1>c:\gamephysics\finalproject\finalproject\cube.cpp(50): warning C4244: 'argument' : conversion from 'double' to 'GLfloat', possible loss of data
     1>c:\gamephysics\finalproject\finalproject\cube.cpp(51): warning C4244: 'argument' : conversion from 'double' to 'GLfloat', possible loss of data
     1>c:\gamephysics\finalproject\finalproject\cube.cpp(52): warning C4244: 'argument' : conversion from 'double' to 'GLfloat', possible loss of data
     1>c:\gamephysics\finalproject\finalproject\cube.cpp(55): warning C4244: 'argument' : conversion from 'double' to 'GLfloat', possible loss of data
     1>c:\gamephysics\finalproject\finalproject\cube.cpp(56): warning C4244: 'argument' : conversion from 'double' to 'GLfloat', possible loss of data
     1>c:\gamephysics\finalproject\finalproject\cube.cpp(57): warning C4244: 'argument' : conversion from 'double' to 'GLfloat', possible loss of data
     1>c:\gamephysics\finalproject\finalproject\cube.cpp(58): warning C4244: 'argument' : conversion from 'double' to 'GLfloat', possible loss of data
     1>c:\gamephysics\finalproject\finalproject\cube.cpp(61): warning C4244: 'argument' : conversion from 'double' to 'GLfloat', possible loss of data
     1>c:\gamephysics\finalproject\finalproject\cube.cpp(62): warning C4244: 'argument' : conversion from 'double' to 'GLfloat', possible loss of data
     1>c:\gamephysics\finalproject\finalproject\cube.cpp(63): warning C4244: 'argument' : conversion from 'double' to 'GLfloat', possible loss of data
     1>c:\gamephysics\finalproject\finalproject\cube.cpp(64): warning C4244: 'argument' : conversion from 'double' to 'GLfloat', possible loss of data
     1>c:\gamephysics\finalproject\finalproject\cube.cpp(67): warning C4244: 'argument' : conversion from 'double' to 'GLfloat', possible loss of data
     1>c:\gamephysics\finalproject\finalproject\cube.cpp(68): warning C4244: 'argument' : conversion from 'double' to 'GLfloat', possible loss of data
     1>c:\gamephysics\finalproject\finalproject\cube.cpp(69): warning C4244: 'argument' : conversion from 'double' to 'GLfloat', possible loss of data
     1>c:\gamephysics\finalproject\finalproject\cube.cpp(70): warning C4244: 'argument' : conversion from 'double' to 'GLfloat', possible loss of data
         Color.cpp
         Camera.cpp
     1>c:\gamephysics\finalproject\finalproject\camera.cpp(147): warning C4244: 'argument' : conversion from 'double' to 'float', possible loss of data
     1>c:\gamephysics\finalproject\finalproject\camera.cpp(159): warning C4244: 'argument' : conversion from 'double' to 'float', possible loss of data
     1>c:\gamephysics\finalproject\finalproject\camera.cpp(230): warning C4244: 'argument' : conversion from 'double' to 'GLfloat', possible loss of data
         BungeeForceGenerator.cpp
     1>c:\gamephysics\finalproject\finalproject\bungeeforcegenerator.cpp(30): warning C4244: 'argument' : conversion from 'double' to 'const float', possible loss of data
         BlobGameSystem.cpp
     1>c:\gamephysics\finalproject\finalproject\blobgamesystem.cpp(490): warning C4996: 'sprintf': This function or variable may be unsafe. Consider using sprintf_s instead. To disable deprecation, use _CRT_SECURE_NO_WARNINGS. See online help for details.
                 c:\program files (x86)\microsoft visual studio 11.0\vc\include\stdio.h(357) : see declaration of 'sprintf'
         Generating Code...
         Compiling...
         AnchoredSpringGenerator.cpp
     1>c:\gamephysics\finalproject\finalproject\anchoredspringgenerator.cpp(26): warning C4244: 'argument' : conversion from 'double' to 'const float', possible loss of data
         Generating Code...
       Lib:
         C:\Program Files (x86)\Microsoft Visual Studio 11.0\VC\bin\Lib.exe /OUT:"C:\GamePhysics\FinalProject\FinalProject\Debug\FinalProject.lib" glut32.lib glfw3dll.lib opengl32.lib glu32.lib /LIBPATH:"lib-msvc120" /NOLOGO Debug\AnchoredSpringGenerator.obj
         Debug\BlobGameSystem.obj
         Debug\BungeeForceGenerator.obj
         Debug\Camera.obj
         Debug\Color.obj
         Debug\Cube.obj
         Debug\EarthGravityGenerator.obj
         Debug\GroundContactGenerator.obj
         Debug\main.obj
         Debug\Particle.obj
         Debug\ParticleContact.obj
         Debug\ParticleContactResolver.obj
         Debug\ParticleForceRegistry.obj
         Debug\ParticleLink.obj
         Debug\ParticleSystem.obj
         Debug\PlanetaryGravityGenerator.obj
         Debug\RectParticle.obj
         Debug\Shape.obj
         Debug\SolarSystemSim.obj
         Debug\SphereParticle.obj
         Debug\Vector3.obj
     1>glfw3dll.lib(glfw3.dll) : warning LNK4006: __NULL_IMPORT_DESCRIPTOR already defined in glut32.lib(glut32.dll); second definition ignored
     1>glfw3dll.lib(glfw3.dll) : warning LNK4221: This object file does not define any previously undefined public symbols, so it will not be used by any link operation that consumes this library
     1>opengl32.lib(OPENGL32.dll) : warning LNK4006: __NULL_IMPORT_DESCRIPTOR already defined in glut32.lib(glut32.dll); second definition ignored
     1>opengl32.lib(OPENGL32.dll) : warning LNK4221: This object file does not define any previously undefined public symbols, so it will not be used by any link operation that consumes this library
     1>glu32.lib(GLU32.dll) : warning LNK4006: __NULL_IMPORT_DESCRIPTOR already defined in glut32.lib(glut32.dll); second definition ignored
     1>glu32.lib(GLU32.dll) : warning LNK4221: This object file does not define any previously undefined public symbols, so it will not be used by any link operation that consumes this library
         Assignment 0.vcxproj -> C:\GamePhysics\FinalProject\FinalProject\Debug\FinalProject.lib
       FinalizeBuildStatus:
         Deleting file "Debug\FinalProject.unsuccessfulbuild".
         Touching "Debug\FinalProject.lastbuildstate".
     1>Done Building Project "C:\GamePhysics\FinalProject\FinalProject\Assignment 0.vcxproj" (Build target(s)).

Build succeeded.

Time Elapsed 00:00:36.32
