Build started 2/17/2015 12:30:24 AM.
     1>Project "C:\GamePhysics\Solar System\SolarSystem\Assignment 0.vcxproj" on node 2 (Build target(s)).
     1>InitializeBuildStatus:
         Creating "Release\SolarSystem.unsuccessfulbuild" because "AlwaysCreate" was specified.
       ClCompile:
         All outputs are up-to-date.
       Lib:
         C:\Program Files (x86)\Microsoft Visual Studio 11.0\VC\bin\Lib.exe /OUT:"C:\GamePhysics\Solar System\SolarSystem\Release\SolarSystem.lib" glut32.lib glfw3dll.lib opengl32.lib glu32.lib /LIBPATH:"lib-msvc120" /NOLOGO /LTCG Release\Camera.obj
         Release\Color.obj
         Release\Cube.obj
         Release\EarthGravityGenerator.obj
         Release\main.obj
         Release\Particle.obj
         Release\ParticleForceRegistry.obj
         Release\ParticleSystem.obj
         Release\PlanetaryGravityGenerator.obj
         Release\Shape.obj
         Release\SolarSystemSim.obj
         Release\SphereParticle.obj
         Release\Vector3.obj
     1>glfw3dll.lib(glfw3.dll) : warning LNK4006: __NULL_IMPORT_DESCRIPTOR already defined in glut32.lib(glut32.dll); second definition ignored
     1>opengl32.lib(OPENGL32.dll) : warning LNK4006: __NULL_IMPORT_DESCRIPTOR already defined in glut32.lib(glut32.dll); second definition ignored
     1>glu32.lib(GLU32.dll) : warning LNK4006: __NULL_IMPORT_DESCRIPTOR already defined in glut32.lib(glut32.dll); second definition ignored
         Assignment 0.vcxproj -> C:\GamePhysics\Solar System\SolarSystem\Release\SolarSystem.lib
       FinalizeBuildStatus:
         Deleting file "Release\SolarSystem.unsuccessfulbuild".
         Touching "Release\SolarSystem.lastbuildstate".
     1>Done Building Project "C:\GamePhysics\Solar System\SolarSystem\Assignment 0.vcxproj" (Build target(s)).

Build succeeded.

Time Elapsed 00:00:00.56
