C:\GAMEPHYSICS\SOLAR SYSTEM\SOLARSYSTEMMAIN\DEBUG\SOLARSYSTEMMAIN.OBJ
C:\GAMEPHYSICS\SOLAR SYSTEM\SOLARSYSTEMMAIN\DEBUG\STDAFX.OBJ
C:\GAMEPHYSICS\SOLAR SYSTEM\SOLARSYSTEMMAIN\DEBUG\VC110.PDB
C:\GAMEPHYSICS\SOLAR SYSTEM\SOLARSYSTEM\DEBUG\SOLARSYSTEMMAIN.ILK
C:\GAMEPHYSICS\SOLAR SYSTEM\SOLARSYSTEM\DEBUG\SOLARSYSTEMMAIN.EXE
C:\GAMEPHYSICS\SOLAR SYSTEM\SOLARSYSTEM\DEBUG\SOLARSYSTEMMAIN.PDB
C:\GamePhysics\Solar System\SolarSystemMain\Debug\SolarSystemMain.vcxprojResolveAssemblyReference.cache
C:\GamePhysics\Solar System\SolarSystemMain\Debug\SolarSystemMain.obj
C:\GamePhysics\Solar System\SolarSystemMain\Debug\stdafx.obj
C:\GamePhysics\Solar System\SolarSystemMain\Debug\cl.command.1.tlog
C:\GamePhysics\Solar System\SolarSystemMain\Debug\CL.read.1.tlog
C:\GamePhysics\Solar System\SolarSystemMain\Debug\CL.write.1.tlog
C:\GamePhysics\Solar System\SolarSystemMain\Debug\link-cvtres.read.1.tlog
C:\GamePhysics\Solar System\SolarSystemMain\Debug\link-cvtres.write.1.tlog
C:\GamePhysics\Solar System\SolarSystemMain\Debug\link-rc.read.1.tlog
C:\GamePhysics\Solar System\SolarSystemMain\Debug\link-rc.write.1.tlog
C:\GamePhysics\Solar System\SolarSystemMain\Debug\link.command.1.tlog
C:\GamePhysics\Solar System\SolarSystemMain\Debug\link.read.1.tlog
C:\GamePhysics\Solar System\SolarSystemMain\Debug\link.write.1.tlog
C:\GamePhysics\Solar System\SolarSystemMain\Debug\vc110.idb
C:\GamePhysics\Solar System\SolarSystemMain\Debug\vc110.pdb
C:\GamePhysics\Solar System\SolarSystem\Debug\SolarSystemMain.exe
