C:\GAMEPHYSICS\SOLAR SYSTEM\SOLARSYSTEM\RELEASE\VECTOR3.OBJ
C:\GAMEPHYSICS\SOLAR SYSTEM\SOLARSYSTEM\RELEASE\SPHEREPARTICLE.OBJ
C:\GAMEPHYSICS\SOLAR SYSTEM\SOLARSYSTEM\RELEASE\SOLARSYSTEMSIM.OBJ
C:\GAMEPHYSICS\SOLAR SYSTEM\SOLARSYSTEM\RELEASE\SHAPE.OBJ
C:\GAMEPHYSICS\SOLAR SYSTEM\SOLARSYSTEM\RELEASE\PLANETARYGRAVITYGENERATOR.OBJ
C:\GAMEPHYSICS\SOLAR SYSTEM\SOLARSYSTEM\RELEASE\PARTICLESYSTEM.OBJ
C:\GAMEPHYSICS\SOLAR SYSTEM\SOLARSYSTEM\RELEASE\PARTICLEFORCEREGISTRY.OBJ
C:\GAMEPHYSICS\SOLAR SYSTEM\SOLARSYSTEM\RELEASE\PARTICLE.OBJ
C:\GAMEPHYSICS\SOLAR SYSTEM\SOLARSYSTEM\RELEASE\MAIN.OBJ
C:\GAMEPHYSICS\SOLAR SYSTEM\SOLARSYSTEM\RELEASE\EARTHGRAVITYGENERATOR.OBJ
C:\GAMEPHYSICS\SOLAR SYSTEM\SOLARSYSTEM\RELEASE\CUBE.OBJ
C:\GAMEPHYSICS\SOLAR SYSTEM\SOLARSYSTEM\RELEASE\COLOR.OBJ
C:\GAMEPHYSICS\SOLAR SYSTEM\SOLARSYSTEM\RELEASE\CAMERA.OBJ
C:\GAMEPHYSICS\SOLAR SYSTEM\SOLARSYSTEM\RELEASE\VC110.PDB
C:\GAMEPHYSICS\SOLAR SYSTEM\SOLARSYSTEM\RELEASE\SOLARSYSTEM.EXE
C:\GAMEPHYSICS\SOLAR SYSTEM\SOLARSYSTEM\RELEASE\SOLARSYSTEM.PDB
C:\GamePhysics\Solar System\SolarSystem\Release\Camera.obj
C:\GamePhysics\Solar System\SolarSystem\Release\Color.obj
C:\GamePhysics\Solar System\SolarSystem\Release\Cube.obj
C:\GamePhysics\Solar System\SolarSystem\Release\EarthGravityGenerator.obj
C:\GamePhysics\Solar System\SolarSystem\Release\main.obj
C:\GamePhysics\Solar System\SolarSystem\Release\Particle.obj
C:\GamePhysics\Solar System\SolarSystem\Release\ParticleForceRegistry.obj
C:\GamePhysics\Solar System\SolarSystem\Release\ParticleSystem.obj
C:\GamePhysics\Solar System\SolarSystem\Release\PlanetaryGravityGenerator.obj
C:\GamePhysics\Solar System\SolarSystem\Release\Shape.obj
C:\GamePhysics\Solar System\SolarSystem\Release\SolarSystemSim.obj
C:\GamePhysics\Solar System\SolarSystem\Release\SphereParticle.obj
C:\GamePhysics\Solar System\SolarSystem\Release\Vector3.obj
C:\GamePhysics\Solar System\SolarSystem\Release\cl.command.1.tlog
C:\GamePhysics\Solar System\SolarSystem\Release\CL.read.1.tlog
C:\GamePhysics\Solar System\SolarSystem\Release\CL.write.1.tlog
C:\GamePhysics\Solar System\SolarSystem\Release\link-cvtres.read.1.tlog
C:\GamePhysics\Solar System\SolarSystem\Release\link-cvtres.write.1.tlog
C:\GamePhysics\Solar System\SolarSystem\Release\link-rc.read.1.tlog
C:\GamePhysics\Solar System\SolarSystem\Release\link-rc.write.1.tlog
C:\GamePhysics\Solar System\SolarSystem\Release\link.command.1.tlog
C:\GamePhysics\Solar System\SolarSystem\Release\link.read.1.tlog
C:\GamePhysics\Solar System\SolarSystem\Release\link.write.1.tlog
C:\GamePhysics\Solar System\SolarSystem\Release\TestClass.exp
C:\GamePhysics\Solar System\SolarSystem\Release\SolarSystem.pdb
C:\GamePhysics\Solar System\SolarSystem\Release\vc110.pdb
C:\GamePhysics\Solar System\SolarSystem\Release\SolarSystem.exe
