C:\GAMEPHYSICS\ASSIGNMENT 0\ASSIGNMENT 0\DEBUG\CAMERA.OBJ
C:\GAMEPHYSICS\ASSIGNMENT 0\ASSIGNMENT 0\DEBUG\CUBE.OBJ
C:\GAMEPHYSICS\ASSIGNMENT 0\ASSIGNMENT 0\DEBUG\MAIN.OBJ
C:\GAMEPHYSICS\ASSIGNMENT 0\ASSIGNMENT 0\DEBUG\SHAPE.OBJ
C:\GAMEPHYSICS\ASSIGNMENT 0\ASSIGNMENT 0\DEBUG\VECTOR3.OBJ
C:\GAMEPHYSICS\ASSIGNMENT 0\ASSIGNMENT 0\DEBUG\VC110.PDB
C:\GAMEPHYSICS\ASSIGNMENT 0\ASSIGNMENT 0\DEBUG\ASSIGNMENT 0.ILK
C:\GAMEPHYSICS\ASSIGNMENT 0\ASSIGNMENT 0\DEBUG\ASSIGNMENT 0.EXE
C:\GAMEPHYSICS\ASSIGNMENT 0\ASSIGNMENT 0\DEBUG\ASSIGNMENT 0.PDB
C:\GamePhysics\Assignment 0\Assignment 0\Debug\Camera.obj
C:\GamePhysics\Assignment 0\Assignment 0\Debug\Cube.obj
C:\GamePhysics\Assignment 0\Assignment 0\Debug\main.obj
C:\GamePhysics\Assignment 0\Assignment 0\Debug\Shape.obj
C:\GamePhysics\Assignment 0\Assignment 0\Debug\Vector3.obj
C:\GamePhysics\Assignment 0\Assignment 0\Debug\Assignment 0.ilk
C:\GamePhysics\Assignment 0\Assignment 0\Debug\cl.command.1.tlog
C:\GamePhysics\Assignment 0\Assignment 0\Debug\CL.read.1.tlog
C:\GamePhysics\Assignment 0\Assignment 0\Debug\CL.write.1.tlog
C:\GamePhysics\Assignment 0\Assignment 0\Debug\link-cvtres.read.1.tlog
C:\GamePhysics\Assignment 0\Assignment 0\Debug\link-cvtres.write.1.tlog
C:\GamePhysics\Assignment 0\Assignment 0\Debug\link-rc.read.1.tlog
C:\GamePhysics\Assignment 0\Assignment 0\Debug\link-rc.write.1.tlog
C:\GamePhysics\Assignment 0\Assignment 0\Debug\link.command.1.tlog
C:\GamePhysics\Assignment 0\Assignment 0\Debug\link.read.1.tlog
C:\GamePhysics\Assignment 0\Assignment 0\Debug\link.write.1.tlog
C:\GamePhysics\Assignment 0\Assignment 0\Debug\vc110.idb
C:\GamePhysics\Assignment 0\Assignment 0\Debug\Assignment 0.pdb
C:\GamePhysics\Assignment 0\Assignment 0\Debug\vc110.pdb
C:\GamePhysics\Assignment 0\Assignment 0\Debug\Assignment 0.exe
