C:\GAMEPHYSICS\BLOBGAME\BLOBGAME\RELEASE\SPHEREPARTICLE.OBJ
C:\GAMEPHYSICS\BLOBGAME\BLOBGAME\RELEASE\SOLARSYSTEMSIM.OBJ
C:\GAMEPHYSICS\BLOBGAME\BLOBGAME\RELEASE\SHAPE.OBJ
C:\GAMEPHYSICS\BLOBGAME\BLOBGAME\RELEASE\RECTPARTICLE.OBJ
C:\GAMEPHYSICS\BLOBGAME\BLOBGAME\RELEASE\PLANETARYGRAVITYGENERATOR.OBJ
C:\GAMEPHYSICS\BLOBGAME\BLOBGAME\RELEASE\PARTICLESYSTEM.OBJ
C:\GAMEPHYSICS\BLOBGAME\BLOBGAME\RELEASE\PARTICLELINK.OBJ
C:\GAMEPHYSICS\BLOBGAME\BLOBGAME\RELEASE\PARTICLEFORCEREGISTRY.OBJ
C:\GAMEPHYSICS\BLOBGAME\BLOBGAME\RELEASE\PARTICLECONTACTRESOLVER.OBJ
C:\GAMEPHYSICS\BLOBGAME\BLOBGAME\RELEASE\PARTICLECONTACT.OBJ
C:\GAMEPHYSICS\BLOBGAME\BLOBGAME\RELEASE\PARTICLE.OBJ
C:\GAMEPHYSICS\BLOBGAME\BLOBGAME\RELEASE\MAIN.OBJ
C:\GAMEPHYSICS\BLOBGAME\BLOBGAME\RELEASE\GROUNDCONTACTGENERATOR.OBJ
C:\GAMEPHYSICS\BLOBGAME\BLOBGAME\RELEASE\EARTHGRAVITYGENERATOR.OBJ
C:\GAMEPHYSICS\BLOBGAME\BLOBGAME\RELEASE\CUBE.OBJ
C:\GAMEPHYSICS\BLOBGAME\BLOBGAME\RELEASE\COLOR.OBJ
C:\GAMEPHYSICS\BLOBGAME\BLOBGAME\RELEASE\CAMERA.OBJ
C:\GAMEPHYSICS\BLOBGAME\BLOBGAME\RELEASE\BUNGEEFORCEGENERATOR.OBJ
C:\GAMEPHYSICS\BLOBGAME\BLOBGAME\RELEASE\BLOBGAMESYSTEM.OBJ
C:\GAMEPHYSICS\BLOBGAME\BLOBGAME\RELEASE\ANCHOREDSPRINGGENERATOR.OBJ
C:\GAMEPHYSICS\BLOBGAME\BLOBGAME\RELEASE\VECTOR3.OBJ
C:\GAMEPHYSICS\BLOBGAME\BLOBGAME\RELEASE\VC110.PDB
C:\GAMEPHYSICS\BLOBGAME\BLOBGAME\RELEASE\BLOBGAME.LIB
C:\GamePhysics\BlobGame\BlobGame\Release\AnchoredSpringGenerator.obj
C:\GamePhysics\BlobGame\BlobGame\Release\BlobGameSystem.obj
C:\GamePhysics\BlobGame\BlobGame\Release\BungeeForceGenerator.obj
C:\GamePhysics\BlobGame\BlobGame\Release\Camera.obj
C:\GamePhysics\BlobGame\BlobGame\Release\Color.obj
C:\GamePhysics\BlobGame\BlobGame\Release\Cube.obj
C:\GamePhysics\BlobGame\BlobGame\Release\EarthGravityGenerator.obj
C:\GamePhysics\BlobGame\BlobGame\Release\GroundContactGenerator.obj
C:\GamePhysics\BlobGame\BlobGame\Release\main.obj
C:\GamePhysics\BlobGame\BlobGame\Release\Particle.obj
C:\GamePhysics\BlobGame\BlobGame\Release\ParticleContact.obj
C:\GamePhysics\BlobGame\BlobGame\Release\ParticleContactResolver.obj
C:\GamePhysics\BlobGame\BlobGame\Release\ParticleForceRegistry.obj
C:\GamePhysics\BlobGame\BlobGame\Release\ParticleLink.obj
C:\GamePhysics\BlobGame\BlobGame\Release\ParticleSystem.obj
C:\GamePhysics\BlobGame\BlobGame\Release\PlanetaryGravityGenerator.obj
C:\GamePhysics\BlobGame\BlobGame\Release\RectParticle.obj
C:\GamePhysics\BlobGame\BlobGame\Release\Shape.obj
C:\GamePhysics\BlobGame\BlobGame\Release\SolarSystemSim.obj
C:\GamePhysics\BlobGame\BlobGame\Release\SphereParticle.obj
C:\GamePhysics\BlobGame\BlobGame\Release\Vector3.obj
C:\GamePhysics\BlobGame\BlobGame\Release\cl.command.1.tlog
C:\GamePhysics\BlobGame\BlobGame\Release\CL.read.1.tlog
C:\GamePhysics\BlobGame\BlobGame\Release\CL.write.1.tlog
C:\GamePhysics\BlobGame\BlobGame\Release\Lib-link.read.1.tlog
C:\GamePhysics\BlobGame\BlobGame\Release\Lib-link.write.1.tlog
C:\GamePhysics\BlobGame\BlobGame\Release\lib.command.1.tlog
C:\GamePhysics\BlobGame\BlobGame\Release\BlobGameMain.pdb
C:\GamePhysics\BlobGame\BlobGame\Release\TestClass.pdb
C:\GamePhysics\BlobGame\BlobGame\Release\vc110.pdb
C:\GamePhysics\BlobGame\BlobGame\Release\BlobGame.lib
